10-06 10:00 root         INFO     Verifying the input sequences.
10-06 10:00 root         INFO     Sequences are assumed to be single-end.
10-06 10:00 root         INFO     Temporary directory is: /tmp/itsxpress_y571zbry
10-06 10:00 root         INFO     Unique sequences are being written to a temporary FASTA file with Vsearch.
10-06 10:00 root         INFO     vsearch v2.7.1_linux_x86_64, 15.6GB RAM, 4 cores
https://github.com/torognes/vsearch

Reading file ./seqs/fastqs/DNA.SA.CR2.ITS_S80_L001_R1_001.fastq.gz 100%
27029 nt in 100 seqs, min 108, max 301, avg 270
Dereplicating 100%
Sorting 100%
51 unique sequences, avg cluster 2.0, median 1, max 24
Writing output file 100%
Writing uc file, first part 100%
Writing uc file, second part 100%

10-06 10:00 root         INFO     Searching for ITS start and stop sites using HMMSearch. This step takes a while.
10-06 10:00 root         INFO     Parsing HMM results.
10-06 10:00 root         INFO     Writing out sequences
10-06 10:00 root         DEBUG    No ITS stop or start sites were identified for sequence M05836:9:000000000-BRTMF:1:1101:10035:1765, skipping.
10-06 10:00 root         DEBUG    No ITS stop or start sites were identified for sequence M05836:9:000000000-BRTMF:1:1101:15979:2312, skipping.
10-06 10:00 root         DEBUG    No ITS stop or start sites were identified for sequence M05836:9:000000000-BRTMF:1:1101:20322:3931, skipping.
10-06 10:00 root         DEBUG    No ITS stop or start sites were identified for sequence M05836:9:000000000-BRTMF:1:1101:15979:2312, skipping.
10-06 10:00 root         DEBUG    No ITS stop or start sites were identified for sequence M05836:9:000000000-BRTMF:1:1101:6258:4530, skipping.
10-06 10:00 root         DEBUG    No ITS stop or start sites were identified for sequence M05836:9:000000000-BRTMF:1:1101:9508:5816, skipping.
10-06 10:00 root         DEBUG    No ITS stop or start sites were identified for sequence M05836:9:000000000-BRTMF:1:1101:7388:5951, skipping.
10-06 10:00 root         DEBUG    No ITS stop or start sites were identified for sequence M05836:9:000000000-BRTMF:1:1101:4842:6416, skipping.
10-06 10:00 root         DEBUG    No ITS stop or start sites were identified for sequence M05836:9:000000000-BRTMF:1:1101:8586:6581, skipping.
10-06 10:00 root         DEBUG    No ITS stop or start sites were identified for sequence M05836:9:000000000-BRTMF:1:1101:16570:7407, skipping.
10-06 10:00 root         DEBUG    No ITS stop or start sites were identified for sequence M05836:9:000000000-BRTMF:1:1101:16110:7939, skipping.
10-06 10:00 root         DEBUG    No ITS stop or start sites were identified for sequence M05836:9:000000000-BRTMF:1:1101:18393:8493, skipping.
10-06 10:00 root         INFO     ITSxpress ran in 00:00:00
