10-06 09:59 root         INFO     Verifying the input sequences.
10-06 09:59 root         INFO     Sequences are assumed to be single-end.
10-06 09:59 root         INFO     Temporary directory is: /tmp/itsxpress_bsf4lbb8
10-06 09:59 root         INFO     Unique sequences are being written to a temporary FASTA file with Vsearch.
10-06 09:59 root         INFO     vsearch v2.7.1_linux_x86_64, 15.6GB RAM, 4 cores
https://github.com/torognes/vsearch

Reading file ./seqs/fastqs/DNA.GM.CRB5.ITS_S189_L001_R1_001.fastq.gz 100%
27389 nt in 100 seqs, min 143, max 301, avg 274
Dereplicating 100%
Sorting 100%
80 unique sequences, avg cluster 1.2, median 1, max 5
Writing output file 100%
Writing uc file, first part 100%
Writing uc file, second part 100%

10-06 09:59 root         INFO     Searching for ITS start and stop sites using HMMSearch. This step takes a while.
10-06 09:59 root         INFO     Parsing HMM results.
10-06 09:59 root         INFO     Writing out sequences
10-06 09:59 root         DEBUG    No ITS stop or start sites were identified for sequence M05836:9:000000000-BRTMF:1:1101:8291:1810, skipping.
10-06 09:59 root         DEBUG    No ITS stop or start sites were identified for sequence M05836:9:000000000-BRTMF:1:1101:19241:1872, skipping.
10-06 09:59 root         DEBUG    No ITS stop or start sites were identified for sequence M05836:9:000000000-BRTMF:1:1101:20984:1986, skipping.
10-06 09:59 root         DEBUG    No ITS stop or start sites were identified for sequence M05836:9:000000000-BRTMF:1:1101:20987:2006, skipping.
10-06 09:59 root         DEBUG    No ITS stop or start sites were identified for sequence M05836:9:000000000-BRTMF:1:1101:8862:2107, skipping.
10-06 09:59 root         DEBUG    No ITS stop or start sites were identified for sequence M05836:9:000000000-BRTMF:1:1101:11258:2185, skipping.
10-06 09:59 root         DEBUG    No ITS stop or start sites were identified for sequence M05836:9:000000000-BRTMF:1:1101:6468:2790, skipping.
10-06 09:59 root         DEBUG    No ITS stop or start sites were identified for sequence M05836:9:000000000-BRTMF:1:1101:13865:3396, skipping.
10-06 09:59 root         DEBUG    No ITS stop or start sites were identified for sequence M05836:9:000000000-BRTMF:1:1101:19884:3827, skipping.
10-06 09:59 root         DEBUG    No ITS stop or start sites were identified for sequence M05836:9:000000000-BRTMF:1:1101:19199:4244, skipping.
10-06 09:59 root         DEBUG    No ITS stop or start sites were identified for sequence M05836:9:000000000-BRTMF:1:1101:8862:2107, skipping.
10-06 09:59 root         DEBUG    No ITS stop or start sites were identified for sequence M05836:9:000000000-BRTMF:1:1101:7830:4468, skipping.
10-06 09:59 root         DEBUG    No ITS stop or start sites were identified for sequence M05836:9:000000000-BRTMF:1:1101:12194:4647, skipping.
10-06 09:59 root         DEBUG    No ITS stop or start sites were identified for sequence M05836:9:000000000-BRTMF:1:1101:12203:4663, skipping.
10-06 09:59 root         DEBUG    No ITS stop or start sites were identified for sequence M05836:9:000000000-BRTMF:1:1101:6508:4729, skipping.
10-06 09:59 root         INFO     ITSxpress ran in 00:00:00
