10-06 10:00 root         INFO     Verifying the input sequences.
10-06 10:00 root         INFO     Sequences are assumed to be single-end.
10-06 10:00 root         INFO     Temporary directory is: /tmp/itsxpress__zeko897
10-06 10:00 root         INFO     Unique sequences are being written to a temporary FASTA file with Vsearch.
10-06 10:00 root         INFO     vsearch v2.7.1_linux_x86_64, 15.6GB RAM, 4 cores
https://github.com/torognes/vsearch

Reading file ./seqs/fastqs/DNA.VU.CC5.ITS_S38_L001_R1_001.fastq.gz 100%
26082 nt in 97 seqs, min 182, max 301, avg 269
minseqlength 32: 3 sequences discarded.
Dereplicating 100%
Sorting 100%
70 unique sequences, avg cluster 1.4, median 1, max 10
Writing output file 100%
Writing uc file, first part 100%
Writing uc file, second part 100%

10-06 10:00 root         INFO     Searching for ITS start and stop sites using HMMSearch. This step takes a while.
10-06 10:00 root         INFO     Parsing HMM results.
10-06 10:00 root         INFO     Writing out sequences
10-06 10:00 root         DEBUG    No ITS stop or start sites were identified for sequence M05836:9:000000000-BRTMF:1:1101:15740:1738, skipping.
10-06 10:00 root         DEBUG    No ITS stop or start sites were identified for sequence M05836:9:000000000-BRTMF:1:1101:23190:2177, skipping.
10-06 10:00 root         DEBUG    No ITS stop or start sites were identified for sequence M05836:9:000000000-BRTMF:1:1101:17085:3448, skipping.
10-06 10:00 root         DEBUG    No ITS stop or start sites were identified for sequence M05836:9:000000000-BRTMF:1:1101:8080:3501, skipping.
10-06 10:00 root         DEBUG    No ITS stop or start sites were identified for sequence M05836:9:000000000-BRTMF:1:1101:6457:3575, skipping.
10-06 10:00 root         DEBUG    No ITS stop or start sites were identified for sequence M05836:9:000000000-BRTMF:1:1101:8997:3615, skipping.
10-06 10:00 root         DEBUG    No ITS stop or start sites were identified for sequence M05836:9:000000000-BRTMF:1:1101:13705:3662, skipping.
10-06 10:00 root         DEBUG    No ITS stop or start sites were identified for sequence M05836:9:000000000-BRTMF:1:1101:7201:3761, skipping.
10-06 10:00 root         DEBUG    No ITS stop or start sites were identified for sequence M05836:9:000000000-BRTMF:1:1101:13170:4343, skipping.
10-06 10:00 root         DEBUG    No ITS stop or start sites were identified for sequence M05836:9:000000000-BRTMF:1:1101:6661:4426, skipping.
10-06 10:00 root         DEBUG    No ITS stop or start sites were identified for sequence M05836:9:000000000-BRTMF:1:1101:16340:5154, skipping.
10-06 10:00 root         DEBUG    No ITS stop or start sites were identified for sequence M05836:9:000000000-BRTMF:1:1101:4560:5220, skipping.
10-06 10:00 root         DEBUG    No ITS stop or start sites were identified for sequence M05836:9:000000000-BRTMF:1:1101:24596:5330, skipping.
10-06 10:00 root         DEBUG    No ITS stop or start sites were identified for sequence M05836:9:000000000-BRTMF:1:1101:12374:5411, skipping.
10-06 10:00 root         DEBUG    No ITS stop or start sites were identified for sequence M05836:9:000000000-BRTMF:1:1101:7587:5456, skipping.
10-06 10:00 root         DEBUG    No ITS stop or start sites were identified for sequence M05836:9:000000000-BRTMF:1:1101:15836:5458, skipping.
10-06 10:00 root         DEBUG    No ITS stop or start sites were identified for sequence M05836:9:000000000-BRTMF:1:1101:6661:4426, skipping.
10-06 10:00 root         INFO     ITSxpress ran in 00:00:00
