10-06 10:00 root         INFO     Verifying the input sequences.
10-06 10:00 root         INFO     Sequences are assumed to be single-end.
10-06 10:00 root         INFO     Temporary directory is: /tmp/itsxpress_h00inws7
10-06 10:00 root         INFO     Unique sequences are being written to a temporary FASTA file with Vsearch.
10-06 10:00 root         INFO     vsearch v2.7.1_linux_x86_64, 15.6GB RAM, 4 cores
https://github.com/torognes/vsearch

Reading file ./seqs/fastqs/DNA.GM.PFB1.ITS_S191_L001_R1_001.fastq.gz 100%
26031 nt in 98 seqs, min 70, max 301, avg 266
minseqlength 32: 2 sequences discarded.
Dereplicating 100%
Sorting 100%
79 unique sequences, avg cluster 1.2, median 1, max 6
Writing output file 100%
Writing uc file, first part 100%
Writing uc file, second part 100%

10-06 10:00 root         INFO     Searching for ITS start and stop sites using HMMSearch. This step takes a while.
10-06 10:00 root         INFO     Parsing HMM results.
10-06 10:00 root         INFO     Writing out sequences
10-06 10:00 root         DEBUG    No ITS stop or start sites were identified for sequence M05836:9:000000000-BRTMF:1:1101:19187:1846, skipping.
10-06 10:00 root         DEBUG    No ITS stop or start sites were identified for sequence M05836:9:000000000-BRTMF:1:1101:17449:3002, skipping.
10-06 10:00 root         DEBUG    No ITS stop or start sites were identified for sequence M05836:9:000000000-BRTMF:1:1101:23301:3053, skipping.
10-06 10:00 root         DEBUG    No ITS stop or start sites were identified for sequence M05836:9:000000000-BRTMF:1:1101:14328:3251, skipping.
10-06 10:00 root         DEBUG    No ITS stop or start sites were identified for sequence M05836:9:000000000-BRTMF:1:1101:18666:3465, skipping.
10-06 10:00 root         DEBUG    No ITS stop or start sites were identified for sequence M05836:9:000000000-BRTMF:1:1101:8066:3482, skipping.
10-06 10:00 root         DEBUG    No ITS stop or start sites were identified for sequence M05836:9:000000000-BRTMF:1:1101:25847:3618, skipping.
10-06 10:00 root         DEBUG    No ITS stop or start sites were identified for sequence M05836:9:000000000-BRTMF:1:1101:25822:3626, skipping.
10-06 10:00 root         DEBUG    No ITS stop or start sites were identified for sequence M05836:9:000000000-BRTMF:1:1101:22048:3670, skipping.
10-06 10:00 root         DEBUG    No ITS stop or start sites were identified for sequence M05836:9:000000000-BRTMF:1:1101:22048:3670, skipping.
10-06 10:00 root         DEBUG    No ITS stop or start sites were identified for sequence M05836:9:000000000-BRTMF:1:1101:25688:4020, skipping.
10-06 10:00 root         DEBUG    No ITS stop or start sites were identified for sequence M05836:9:000000000-BRTMF:1:1101:25896:4469, skipping.
10-06 10:00 root         DEBUG    No ITS stop or start sites were identified for sequence M05836:9:000000000-BRTMF:1:1101:18666:3465, skipping.
10-06 10:00 root         DEBUG    No ITS stop or start sites were identified for sequence M05836:9:000000000-BRTMF:1:1101:24282:4617, skipping.
10-06 10:00 root         DEBUG    No ITS stop or start sites were identified for sequence M05836:9:000000000-BRTMF:1:1101:10565:4636, skipping.
10-06 10:00 root         DEBUG    No ITS stop or start sites were identified for sequence M05836:9:000000000-BRTMF:1:1101:18666:3465, skipping.
10-06 10:00 root         DEBUG    No ITS stop or start sites were identified for sequence M05836:9:000000000-BRTMF:1:1101:18666:3465, skipping.
10-06 10:00 root         DEBUG    No ITS stop or start sites were identified for sequence M05836:9:000000000-BRTMF:1:1101:10565:4636, skipping.
10-06 10:00 root         DEBUG    No ITS stop or start sites were identified for sequence M05836:9:000000000-BRTMF:1:1101:10565:4636, skipping.
10-06 10:00 root         DEBUG    No ITS stop or start sites were identified for sequence M05836:9:000000000-BRTMF:1:1101:18666:3465, skipping.
10-06 10:00 root         DEBUG    No ITS stop or start sites were identified for sequence M05836:9:000000000-BRTMF:1:1101:12237:5292, skipping.
10-06 10:00 root         DEBUG    No ITS stop or start sites were identified for sequence M05836:9:000000000-BRTMF:1:1101:12347:5432, skipping.
10-06 10:00 root         DEBUG    No ITS stop or start sites were identified for sequence M05836:9:000000000-BRTMF:1:1101:24282:4617, skipping.
10-06 10:00 root         DEBUG    No ITS stop or start sites were identified for sequence M05836:9:000000000-BRTMF:1:1101:4552:5818, skipping.
10-06 10:00 root         DEBUG    No ITS stop or start sites were identified for sequence M05836:9:000000000-BRTMF:1:1101:18666:3465, skipping.
10-06 10:00 root         DEBUG    No ITS stop or start sites were identified for sequence M05836:9:000000000-BRTMF:1:1101:22048:3670, skipping.
10-06 10:00 root         DEBUG    No ITS stop or start sites were identified for sequence M05836:9:000000000-BRTMF:1:1101:16940:6334, skipping.
10-06 10:00 root         DEBUG    No ITS stop or start sites were identified for sequence M05836:9:000000000-BRTMF:1:1101:8102:6424, skipping.
10-06 10:00 root         DEBUG    No ITS stop or start sites were identified for sequence M05836:9:000000000-BRTMF:1:1101:15280:6600, skipping.
10-06 10:00 root         DEBUG    No ITS stop or start sites were identified for sequence M05836:9:000000000-BRTMF:1:1101:23024:6880, skipping.
10-06 10:00 root         DEBUG    No ITS stop or start sites were identified for sequence M05836:9:000000000-BRTMF:1:1101:24282:4617, skipping.
10-06 10:00 root         DEBUG    No ITS stop or start sites were identified for sequence M05836:9:000000000-BRTMF:1:1101:11268:7029, skipping.
10-06 10:00 root         DEBUG    No ITS stop or start sites were identified for sequence M05836:9:000000000-BRTMF:1:1101:7103:7082, skipping.
10-06 10:00 root         INFO     ITSxpress ran in 00:00:00
