10-06 10:00 root         INFO     Verifying the input sequences.
10-06 10:00 root         INFO     Sequences are assumed to be single-end.
10-06 10:00 root         INFO     Temporary directory is: /tmp/itsxpress_anard0kt
10-06 10:00 root         INFO     Unique sequences are being written to a temporary FASTA file with Vsearch.
10-06 10:00 root         INFO     vsearch v2.7.1_linux_x86_64, 15.6GB RAM, 4 cores
https://github.com/torognes/vsearch

Reading file ./seqs/fastqs/DNA.SA.CN4.ITS_S103_L001_R1_001.fastq.gz 100%
23367 nt in 95 seqs, min 42, max 301, avg 246
minseqlength 32: 5 sequences discarded.
Dereplicating 100%
Sorting 100%
59 unique sequences, avg cluster 1.6, median 1, max 11
Writing output file 100%
Writing uc file, first part 100%
Writing uc file, second part 100%

10-06 10:00 root         INFO     Searching for ITS start and stop sites using HMMSearch. This step takes a while.
10-06 10:00 root         INFO     Parsing HMM results.
10-06 10:00 root         INFO     Writing out sequences
10-06 10:00 root         DEBUG    No ITS stop or start sites were identified for sequence M05836:9:000000000-BRTMF:1:1101:10010:1758, skipping.
10-06 10:00 root         DEBUG    No ITS stop or start sites were identified for sequence M05836:9:000000000-BRTMF:1:1101:7695:1876, skipping.
10-06 10:00 root         DEBUG    No ITS stop or start sites were identified for sequence M05836:9:000000000-BRTMF:1:1101:24081:1988, skipping.
10-06 10:00 root         DEBUG    No ITS stop or start sites were identified for sequence M05836:9:000000000-BRTMF:1:1101:18858:2139, skipping.
10-06 10:00 root         DEBUG    No ITS stop or start sites were identified for sequence M05836:9:000000000-BRTMF:1:1101:11265:2412, skipping.
10-06 10:00 root         DEBUG    No ITS stop or start sites were identified for sequence M05836:9:000000000-BRTMF:1:1101:16329:2572, skipping.
10-06 10:00 root         DEBUG    No ITS stop or start sites were identified for sequence M05836:9:000000000-BRTMF:1:1101:12628:2939, skipping.
10-06 10:00 root         DEBUG    No ITS stop or start sites were identified for sequence M05836:9:000000000-BRTMF:1:1101:9153:3162, skipping.
10-06 10:00 root         DEBUG    No ITS stop or start sites were identified for sequence M05836:9:000000000-BRTMF:1:1101:10794:3396, skipping.
10-06 10:00 root         DEBUG    No ITS stop or start sites were identified for sequence M05836:9:000000000-BRTMF:1:1101:12050:3796, skipping.
10-06 10:00 root         DEBUG    No ITS stop or start sites were identified for sequence M05836:9:000000000-BRTMF:1:1101:9485:3834, skipping.
10-06 10:00 root         DEBUG    No ITS stop or start sites were identified for sequence M05836:9:000000000-BRTMF:1:1101:18858:2139, skipping.
10-06 10:00 root         DEBUG    No ITS stop or start sites were identified for sequence M05836:9:000000000-BRTMF:1:1101:16879:4323, skipping.
10-06 10:00 root         DEBUG    No ITS stop or start sites were identified for sequence M05836:9:000000000-BRTMF:1:1101:5981:4353, skipping.
10-06 10:00 root         DEBUG    No ITS stop or start sites were identified for sequence M05836:9:000000000-BRTMF:1:1101:15055:4423, skipping.
10-06 10:00 root         DEBUG    No ITS stop or start sites were identified for sequence M05836:9:000000000-BRTMF:1:1101:6170:4660, skipping.
10-06 10:00 root         DEBUG    No ITS stop or start sites were identified for sequence M05836:9:000000000-BRTMF:1:1101:10704:4752, skipping.
10-06 10:00 root         DEBUG    No ITS stop or start sites were identified for sequence M05836:9:000000000-BRTMF:1:1101:5981:4353, skipping.
10-06 10:00 root         DEBUG    No ITS stop or start sites were identified for sequence M05836:9:000000000-BRTMF:1:1101:5661:4809, skipping.
10-06 10:00 root         INFO     ITSxpress ran in 00:00:00
