10-06 09:59 root         INFO     Verifying the input sequences.
10-06 09:59 root         INFO     Sequences are assumed to be single-end.
10-06 09:59 root         INFO     Temporary directory is: /tmp/itsxpress_a2lw3wvh
10-06 09:59 root         INFO     Unique sequences are being written to a temporary FASTA file with Vsearch.
10-06 09:59 root         INFO     vsearch v2.7.1_linux_x86_64, 15.6GB RAM, 4 cores
https://github.com/torognes/vsearch

Reading file ./seqs/fastqs/DNA.GF.CN3.ITS_S135_L001_R1_001.fastq.gz 100%
27817 nt in 100 seqs, min 237, max 300, avg 278
Dereplicating 100%
Sorting 100%
80 unique sequences, avg cluster 1.2, median 1, max 8
Writing output file 100%
Writing uc file, first part 100%
Writing uc file, second part 100%

10-06 09:59 root         INFO     Searching for ITS start and stop sites using HMMSearch. This step takes a while.
10-06 09:59 root         INFO     Parsing HMM results.
10-06 09:59 root         INFO     Writing out sequences
10-06 09:59 root         DEBUG    No ITS stop or start sites were identified for sequence M05836:9:000000000-BRTMF:1:1101:17488:2047, skipping.
10-06 09:59 root         DEBUG    No ITS stop or start sites were identified for sequence M05836:9:000000000-BRTMF:1:1101:18200:2408, skipping.
10-06 09:59 root         INFO     ITSxpress ran in 00:00:01
