10-06 09:59 root         INFO     Verifying the input sequences.
10-06 09:59 root         INFO     Sequences are assumed to be single-end.
10-06 09:59 root         INFO     Temporary directory is: /tmp/itsxpress_lo1jfiq_
10-06 09:59 root         INFO     Unique sequences are being written to a temporary FASTA file with Vsearch.
10-06 09:59 root         INFO     vsearch v2.7.1_linux_x86_64, 15.6GB RAM, 4 cores
https://github.com/torognes/vsearch

Reading file ./seqs/fastqs/DNA.GF.PF1.ITS_S127_L001_R1_001.fastq.gz 100%
26742 nt in 100 seqs, min 143, max 301, avg 267
Dereplicating 100%
Sorting 100%
74 unique sequences, avg cluster 1.4, median 1, max 12
Writing output file 100%
Writing uc file, first part 100%
Writing uc file, second part 100%

10-06 09:59 root         INFO     Searching for ITS start and stop sites using HMMSearch. This step takes a while.
10-06 09:59 root         INFO     Parsing HMM results.
10-06 09:59 root         INFO     Writing out sequences
10-06 09:59 root         DEBUG    No ITS stop or start sites were identified for sequence M05836:9:000000000-BRTMF:1:1101:22492:1801, skipping.
10-06 09:59 root         DEBUG    No ITS stop or start sites were identified for sequence M05836:9:000000000-BRTMF:1:1101:19749:1815, skipping.
10-06 09:59 root         DEBUG    No ITS stop or start sites were identified for sequence M05836:9:000000000-BRTMF:1:1101:21762:1968, skipping.
10-06 09:59 root         DEBUG    No ITS stop or start sites were identified for sequence M05836:9:000000000-BRTMF:1:1101:19652:2004, skipping.
10-06 09:59 root         DEBUG    No ITS stop or start sites were identified for sequence M05836:9:000000000-BRTMF:1:1101:15539:2232, skipping.
10-06 09:59 root         DEBUG    No ITS stop or start sites were identified for sequence M05836:9:000000000-BRTMF:1:1101:14383:2292, skipping.
10-06 09:59 root         DEBUG    No ITS stop or start sites were identified for sequence M05836:9:000000000-BRTMF:1:1101:15539:2232, skipping.
10-06 09:59 root         DEBUG    No ITS stop or start sites were identified for sequence M05836:9:000000000-BRTMF:1:1101:12603:2406, skipping.
10-06 09:59 root         DEBUG    No ITS stop or start sites were identified for sequence M05836:9:000000000-BRTMF:1:1101:9922:2535, skipping.
10-06 09:59 root         DEBUG    No ITS stop or start sites were identified for sequence M05836:9:000000000-BRTMF:1:1101:16873:2578, skipping.
10-06 09:59 root         DEBUG    No ITS stop or start sites were identified for sequence M05836:9:000000000-BRTMF:1:1101:15954:2643, skipping.
10-06 09:59 root         DEBUG    No ITS stop or start sites were identified for sequence M05836:9:000000000-BRTMF:1:1101:24408:2802, skipping.
10-06 09:59 root         DEBUG    No ITS stop or start sites were identified for sequence M05836:9:000000000-BRTMF:1:1101:9620:2936, skipping.
10-06 09:59 root         DEBUG    No ITS stop or start sites were identified for sequence M05836:9:000000000-BRTMF:1:1101:23598:3335, skipping.
10-06 09:59 root         DEBUG    No ITS stop or start sites were identified for sequence M05836:9:000000000-BRTMF:1:1101:10021:3506, skipping.
10-06 09:59 root         DEBUG    No ITS stop or start sites were identified for sequence M05836:9:000000000-BRTMF:1:1101:22441:3671, skipping.
10-06 09:59 root         DEBUG    No ITS stop or start sites were identified for sequence M05836:9:000000000-BRTMF:1:1101:15539:2232, skipping.
10-06 09:59 root         DEBUG    No ITS stop or start sites were identified for sequence M05836:9:000000000-BRTMF:1:1101:10438:3860, skipping.
10-06 09:59 root         DEBUG    No ITS stop or start sites were identified for sequence M05836:9:000000000-BRTMF:1:1101:13257:4412, skipping.
10-06 09:59 root         DEBUG    No ITS stop or start sites were identified for sequence M05836:9:000000000-BRTMF:1:1101:8193:4417, skipping.
10-06 09:59 root         DEBUG    No ITS stop or start sites were identified for sequence M05836:9:000000000-BRTMF:1:1101:4972:4684, skipping.
10-06 09:59 root         DEBUG    No ITS stop or start sites were identified for sequence M05836:9:000000000-BRTMF:1:1101:26379:4707, skipping.
10-06 09:59 root         DEBUG    No ITS stop or start sites were identified for sequence M05836:9:000000000-BRTMF:1:1101:26194:4764, skipping.
10-06 09:59 root         DEBUG    No ITS stop or start sites were identified for sequence M05836:9:000000000-BRTMF:1:1101:21552:4780, skipping.
10-06 09:59 root         DEBUG    No ITS stop or start sites were identified for sequence M05836:9:000000000-BRTMF:1:1101:16417:4837, skipping.
10-06 09:59 root         DEBUG    No ITS stop or start sites were identified for sequence M05836:9:000000000-BRTMF:1:1101:26304:4926, skipping.
10-06 09:59 root         DEBUG    No ITS stop or start sites were identified for sequence M05836:9:000000000-BRTMF:1:1101:23818:5003, skipping.
10-06 09:59 root         DEBUG    No ITS stop or start sites were identified for sequence M05836:9:000000000-BRTMF:1:1101:15539:2232, skipping.
10-06 09:59 root         DEBUG    No ITS stop or start sites were identified for sequence M05836:9:000000000-BRTMF:1:1101:10517:5140, skipping.
10-06 09:59 root         DEBUG    No ITS stop or start sites were identified for sequence M05836:9:000000000-BRTMF:1:1101:26304:4926, skipping.
10-06 09:59 root         DEBUG    No ITS stop or start sites were identified for sequence M05836:9:000000000-BRTMF:1:1101:21552:4780, skipping.
10-06 09:59 root         DEBUG    No ITS stop or start sites were identified for sequence M05836:9:000000000-BRTMF:1:1101:4233:5337, skipping.
10-06 09:59 root         DEBUG    No ITS stop or start sites were identified for sequence M05836:9:000000000-BRTMF:1:1101:6330:5350, skipping.
10-06 09:59 root         DEBUG    No ITS stop or start sites were identified for sequence M05836:9:000000000-BRTMF:1:1101:23595:5467, skipping.
10-06 09:59 root         DEBUG    No ITS stop or start sites were identified for sequence M05836:9:000000000-BRTMF:1:1101:24688:5599, skipping.
10-06 09:59 root         DEBUG    No ITS stop or start sites were identified for sequence M05836:9:000000000-BRTMF:1:1101:12603:2406, skipping.
10-06 09:59 root         DEBUG    No ITS stop or start sites were identified for sequence M05836:9:000000000-BRTMF:1:1101:22277:5622, skipping.
10-06 09:59 root         DEBUG    No ITS stop or start sites were identified for sequence M05836:9:000000000-BRTMF:1:1101:21552:4780, skipping.
10-06 09:59 root         DEBUG    No ITS stop or start sites were identified for sequence M05836:9:000000000-BRTMF:1:1101:4097:5743, skipping.
10-06 09:59 root         INFO     ITSxpress ran in 00:00:00
