10-06 09:58 root         INFO     Verifying the input sequences.
10-06 09:58 root         INFO     Sequences are assumed to be single-end.
10-06 09:58 root         INFO     Temporary directory is: /tmp/itsxpress_c4hecac7
10-06 09:58 root         INFO     Unique sequences are being written to a temporary FASTA file with Vsearch.
10-06 09:58 root         INFO     vsearch v2.7.1_linux_x86_64, 15.6GB RAM, 4 cores
https://github.com/torognes/vsearch

Reading file ./seqs/fastqs/DNA.CAC.PF5.ITS_S28_L001_R1_001.fastq.gz 100%
23830 nt in 98 seqs, min 36, max 301, avg 243
minseqlength 32: 2 sequences discarded.
Dereplicating 100%
Sorting 100%
82 unique sequences, avg cluster 1.2, median 1, max 6
Writing output file 100%
Writing uc file, first part 100%
Writing uc file, second part 100%

10-06 09:58 root         INFO     Searching for ITS start and stop sites using HMMSearch. This step takes a while.
10-06 09:58 root         INFO     Parsing HMM results.
10-06 09:58 root         INFO     Writing out sequences
10-06 09:58 root         DEBUG    No ITS stop or start sites were identified for sequence M05836:9:000000000-BRTMF:1:1101:13265:1703, skipping.
10-06 09:58 root         DEBUG    No ITS stop or start sites were identified for sequence M05836:9:000000000-BRTMF:1:1101:23518:2025, skipping.
10-06 09:58 root         DEBUG    No ITS stop or start sites were identified for sequence M05836:9:000000000-BRTMF:1:1101:14965:2121, skipping.
10-06 09:58 root         DEBUG    No ITS stop or start sites were identified for sequence M05836:9:000000000-BRTMF:1:1101:7767:2152, skipping.
10-06 09:58 root         DEBUG    No ITS stop or start sites were identified for sequence M05836:9:000000000-BRTMF:1:1101:12342:2379, skipping.
10-06 09:58 root         DEBUG    No ITS stop or start sites were identified for sequence M05836:9:000000000-BRTMF:1:1101:7767:2152, skipping.
10-06 09:58 root         DEBUG    No ITS stop or start sites were identified for sequence M05836:9:000000000-BRTMF:1:1101:16213:3377, skipping.
10-06 09:58 root         DEBUG    No ITS stop or start sites were identified for sequence M05836:9:000000000-BRTMF:1:1101:25382:3573, skipping.
10-06 09:58 root         DEBUG    No ITS stop or start sites were identified for sequence M05836:9:000000000-BRTMF:1:1101:6527:3699, skipping.
10-06 09:58 root         DEBUG    No ITS stop or start sites were identified for sequence M05836:9:000000000-BRTMF:1:1101:7453:3859, skipping.
10-06 09:58 root         DEBUG    No ITS stop or start sites were identified for sequence M05836:9:000000000-BRTMF:1:1101:24110:4019, skipping.
10-06 09:58 root         DEBUG    No ITS stop or start sites were identified for sequence M05836:9:000000000-BRTMF:1:1101:20165:4808, skipping.
10-06 09:58 root         DEBUG    No ITS stop or start sites were identified for sequence M05836:9:000000000-BRTMF:1:1101:18520:5263, skipping.
10-06 09:58 root         DEBUG    No ITS stop or start sites were identified for sequence M05836:9:000000000-BRTMF:1:1101:4589:5417, skipping.
10-06 09:58 root         DEBUG    No ITS stop or start sites were identified for sequence M05836:9:000000000-BRTMF:1:1101:7256:5439, skipping.
10-06 09:58 root         DEBUG    No ITS stop or start sites were identified for sequence M05836:9:000000000-BRTMF:1:1101:8207:5498, skipping.
10-06 09:58 root         DEBUG    No ITS stop or start sites were identified for sequence M05836:9:000000000-BRTMF:1:1101:15641:5662, skipping.
10-06 09:58 root         DEBUG    No ITS stop or start sites were identified for sequence M05836:9:000000000-BRTMF:1:1101:21723:5875, skipping.
10-06 09:58 root         DEBUG    No ITS stop or start sites were identified for sequence M05836:9:000000000-BRTMF:1:1101:20095:5889, skipping.
10-06 09:58 root         DEBUG    No ITS stop or start sites were identified for sequence M05836:9:000000000-BRTMF:1:1101:22019:6314, skipping.
10-06 09:58 root         DEBUG    No ITS stop or start sites were identified for sequence M05836:9:000000000-BRTMF:1:1101:7966:6409, skipping.
10-06 09:58 root         DEBUG    No ITS stop or start sites were identified for sequence M05836:9:000000000-BRTMF:1:1101:13446:6763, skipping.
10-06 09:58 root         DEBUG    No ITS stop or start sites were identified for sequence M05836:9:000000000-BRTMF:1:1101:23853:6827, skipping.
10-06 09:58 root         DEBUG    No ITS stop or start sites were identified for sequence M05836:9:000000000-BRTMF:1:1101:10996:7012, skipping.
10-06 09:58 root         DEBUG    No ITS stop or start sites were identified for sequence M05836:9:000000000-BRTMF:1:1101:28225:7022, skipping.
10-06 09:58 root         DEBUG    No ITS stop or start sites were identified for sequence M05836:9:000000000-BRTMF:1:1101:9704:7116, skipping.
10-06 09:58 root         DEBUG    No ITS stop or start sites were identified for sequence M05836:9:000000000-BRTMF:1:1101:9658:7162, skipping.
10-06 09:58 root         DEBUG    No ITS stop or start sites were identified for sequence M05836:9:000000000-BRTMF:1:1101:24819:7191, skipping.
10-06 09:58 root         DEBUG    No ITS stop or start sites were identified for sequence M05836:9:000000000-BRTMF:1:1101:20328:7321, skipping.
10-06 09:58 root         DEBUG    No ITS stop or start sites were identified for sequence M05836:9:000000000-BRTMF:1:1101:7767:2152, skipping.
10-06 09:58 root         DEBUG    No ITS stop or start sites were identified for sequence M05836:9:000000000-BRTMF:1:1101:14892:7509, skipping.
10-06 09:58 root         DEBUG    No ITS stop or start sites were identified for sequence M05836:9:000000000-BRTMF:1:1101:5568:7561, skipping.
10-06 09:58 root         DEBUG    No ITS stop or start sites were identified for sequence M05836:9:000000000-BRTMF:1:1101:19173:7599, skipping.
10-06 09:58 root         INFO     ITSxpress ran in 00:00:00
