10-06 09:58 root         INFO     Verifying the input sequences.
10-06 09:58 root         INFO     Sequences are assumed to be single-end.
10-06 09:58 root         INFO     Temporary directory is: /tmp/itsxpress_pxz_mbtu
10-06 09:58 root         INFO     Unique sequences are being written to a temporary FASTA file with Vsearch.
10-06 09:58 root         INFO     vsearch v2.7.1_linux_x86_64, 15.6GB RAM, 4 cores
https://github.com/torognes/vsearch

Reading file ./seqs/fastqs/DNA.CAC.CC4.ITS_S8_L001_R1_001.fastq.gz 100%
26485 nt in 97 seqs, min 166, max 281, avg 273
minseqlength 32: 3 sequences discarded.
Dereplicating 100%
Sorting 100%
63 unique sequences, avg cluster 1.5, median 1, max 23
Writing output file 100%
Writing uc file, first part 100%
Writing uc file, second part 100%

10-06 09:58 root         INFO     Searching for ITS start and stop sites using HMMSearch. This step takes a while.
10-06 09:58 root         INFO     Parsing HMM results.
10-06 09:58 root         INFO     Writing out sequences
10-06 09:58 root         DEBUG    No ITS stop or start sites were identified for sequence M05836:9:000000000-BRTMF:1:1101:19056:2696, skipping.
10-06 09:58 root         DEBUG    No ITS stop or start sites were identified for sequence M05836:9:000000000-BRTMF:1:1101:13577:3033, skipping.
10-06 09:58 root         DEBUG    No ITS stop or start sites were identified for sequence M05836:9:000000000-BRTMF:1:1101:21285:3175, skipping.
10-06 09:58 root         DEBUG    No ITS stop or start sites were identified for sequence M05836:9:000000000-BRTMF:1:1101:24606:3480, skipping.
10-06 09:58 root         DEBUG    No ITS stop or start sites were identified for sequence M05836:9:000000000-BRTMF:1:1101:13577:3033, skipping.
10-06 09:58 root         DEBUG    No ITS stop or start sites were identified for sequence M05836:9:000000000-BRTMF:1:1101:7946:4208, skipping.
10-06 09:58 root         DEBUG    No ITS stop or start sites were identified for sequence M05836:9:000000000-BRTMF:1:1101:22119:5497, skipping.
10-06 09:58 root         DEBUG    No ITS stop or start sites were identified for sequence M05836:9:000000000-BRTMF:1:1101:20885:6236, skipping.
10-06 09:58 root         DEBUG    No ITS stop or start sites were identified for sequence M05836:9:000000000-BRTMF:1:1101:16564:6594, skipping.
10-06 09:58 root         INFO     ITSxpress ran in 00:00:00
