10-06 10:00 root         INFO     Verifying the input sequences.
10-06 10:00 root         INFO     Sequences are assumed to be single-end.
10-06 10:00 root         INFO     Temporary directory is: /tmp/itsxpress_s7yvu_ka
10-06 10:00 root         INFO     Unique sequences are being written to a temporary FASTA file with Vsearch.
10-06 10:00 root         INFO     vsearch v2.7.1_linux_x86_64, 15.6GB RAM, 4 cores
https://github.com/torognes/vsearch

Reading file ./seqs/fastqs/DNA.SA.CC5.ITS_S76_L001_R1_001.fastq.gz 100%
26521 nt in 99 seqs, min 76, max 301, avg 268
minseqlength 32: 1 sequence discarded.
Dereplicating 100%
Sorting 100%
66 unique sequences, avg cluster 1.5, median 1, max 9
Writing output file 100%
Writing uc file, first part 100%
Writing uc file, second part 100%

10-06 10:00 root         INFO     Searching for ITS start and stop sites using HMMSearch. This step takes a while.
10-06 10:00 root         INFO     Parsing HMM results.
10-06 10:00 root         INFO     Writing out sequences
10-06 10:00 root         DEBUG    No ITS stop or start sites were identified for sequence M05836:9:000000000-BRTMF:1:1101:9625:1804, skipping.
10-06 10:00 root         DEBUG    No ITS stop or start sites were identified for sequence M05836:9:000000000-BRTMF:1:1101:13184:1861, skipping.
10-06 10:00 root         DEBUG    No ITS stop or start sites were identified for sequence M05836:9:000000000-BRTMF:1:1101:13653:2012, skipping.
10-06 10:00 root         DEBUG    No ITS stop or start sites were identified for sequence M05836:9:000000000-BRTMF:1:1101:22071:2066, skipping.
10-06 10:00 root         DEBUG    No ITS stop or start sites were identified for sequence M05836:9:000000000-BRTMF:1:1101:13365:2191, skipping.
10-06 10:00 root         DEBUG    No ITS stop or start sites were identified for sequence M05836:9:000000000-BRTMF:1:1101:14654:2268, skipping.
10-06 10:00 root         DEBUG    No ITS stop or start sites were identified for sequence M05836:9:000000000-BRTMF:1:1101:15990:2278, skipping.
10-06 10:00 root         DEBUG    No ITS stop or start sites were identified for sequence M05836:9:000000000-BRTMF:1:1101:14902:2322, skipping.
10-06 10:00 root         DEBUG    No ITS stop or start sites were identified for sequence M05836:9:000000000-BRTMF:1:1101:22071:2066, skipping.
10-06 10:00 root         DEBUG    No ITS stop or start sites were identified for sequence M05836:9:000000000-BRTMF:1:1101:23006:2423, skipping.
10-06 10:00 root         DEBUG    No ITS stop or start sites were identified for sequence M05836:9:000000000-BRTMF:1:1101:9914:2424, skipping.
10-06 10:00 root         DEBUG    No ITS stop or start sites were identified for sequence M05836:9:000000000-BRTMF:1:1101:14915:2535, skipping.
10-06 10:00 root         DEBUG    No ITS stop or start sites were identified for sequence M05836:9:000000000-BRTMF:1:1101:17622:2610, skipping.
10-06 10:00 root         DEBUG    No ITS stop or start sites were identified for sequence M05836:9:000000000-BRTMF:1:1101:7063:2636, skipping.
10-06 10:00 root         DEBUG    No ITS stop or start sites were identified for sequence M05836:9:000000000-BRTMF:1:1101:21369:2667, skipping.
10-06 10:00 root         DEBUG    No ITS stop or start sites were identified for sequence M05836:9:000000000-BRTMF:1:1101:22071:2066, skipping.
10-06 10:00 root         DEBUG    No ITS stop or start sites were identified for sequence M05836:9:000000000-BRTMF:1:1101:22071:2066, skipping.
10-06 10:00 root         DEBUG    No ITS stop or start sites were identified for sequence M05836:9:000000000-BRTMF:1:1101:15975:2884, skipping.
10-06 10:00 root         DEBUG    No ITS stop or start sites were identified for sequence M05836:9:000000000-BRTMF:1:1101:13948:2888, skipping.
10-06 10:00 root         DEBUG    No ITS stop or start sites were identified for sequence M05836:9:000000000-BRTMF:1:1101:12509:2920, skipping.
10-06 10:00 root         DEBUG    No ITS stop or start sites were identified for sequence M05836:9:000000000-BRTMF:1:1101:23006:2423, skipping.
10-06 10:00 root         DEBUG    No ITS stop or start sites were identified for sequence M05836:9:000000000-BRTMF:1:1101:23006:2423, skipping.
10-06 10:00 root         DEBUG    No ITS stop or start sites were identified for sequence M05836:9:000000000-BRTMF:1:1101:22071:2066, skipping.
10-06 10:00 root         DEBUG    No ITS stop or start sites were identified for sequence M05836:9:000000000-BRTMF:1:1101:13948:2888, skipping.
10-06 10:00 root         DEBUG    No ITS stop or start sites were identified for sequence M05836:9:000000000-BRTMF:1:1101:23006:2423, skipping.
10-06 10:00 root         DEBUG    No ITS stop or start sites were identified for sequence M05836:9:000000000-BRTMF:1:1101:11193:3226, skipping.
10-06 10:00 root         DEBUG    No ITS stop or start sites were identified for sequence M05836:9:000000000-BRTMF:1:1101:15470:3255, skipping.
10-06 10:00 root         DEBUG    No ITS stop or start sites were identified for sequence M05836:9:000000000-BRTMF:1:1101:10020:3305, skipping.
10-06 10:00 root         DEBUG    No ITS stop or start sites were identified for sequence M05836:9:000000000-BRTMF:1:1101:23006:2423, skipping.
10-06 10:00 root         DEBUG    No ITS stop or start sites were identified for sequence M05836:9:000000000-BRTMF:1:1101:23006:2423, skipping.
10-06 10:00 root         DEBUG    No ITS stop or start sites were identified for sequence M05836:9:000000000-BRTMF:1:1101:18575:3419, skipping.
10-06 10:00 root         DEBUG    No ITS stop or start sites were identified for sequence M05836:9:000000000-BRTMF:1:1101:18593:3431, skipping.
10-06 10:00 root         DEBUG    No ITS stop or start sites were identified for sequence M05836:9:000000000-BRTMF:1:1101:21383:3444, skipping.
10-06 10:00 root         DEBUG    No ITS stop or start sites were identified for sequence M05836:9:000000000-BRTMF:1:1101:13948:2888, skipping.
10-06 10:00 root         DEBUG    No ITS stop or start sites were identified for sequence M05836:9:000000000-BRTMF:1:1101:23956:3591, skipping.
10-06 10:00 root         DEBUG    No ITS stop or start sites were identified for sequence M05836:9:000000000-BRTMF:1:1101:7353:3627, skipping.
10-06 10:00 root         DEBUG    No ITS stop or start sites were identified for sequence M05836:9:000000000-BRTMF:1:1101:14740:3700, skipping.
10-06 10:00 root         DEBUG    No ITS stop or start sites were identified for sequence M05836:9:000000000-BRTMF:1:1101:23006:2423, skipping.
10-06 10:00 root         DEBUG    No ITS stop or start sites were identified for sequence M05836:9:000000000-BRTMF:1:1101:23006:2423, skipping.
10-06 10:00 root         DEBUG    No ITS stop or start sites were identified for sequence M05836:9:000000000-BRTMF:1:1101:13948:2888, skipping.
10-06 10:00 root         DEBUG    No ITS stop or start sites were identified for sequence M05836:9:000000000-BRTMF:1:1101:23006:2423, skipping.
10-06 10:00 root         DEBUG    No ITS stop or start sites were identified for sequence M05836:9:000000000-BRTMF:1:1101:16373:3954, skipping.
10-06 10:00 root         DEBUG    No ITS stop or start sites were identified for sequence M05836:9:000000000-BRTMF:1:1101:8630:3958, skipping.
10-06 10:00 root         DEBUG    No ITS stop or start sites were identified for sequence M05836:9:000000000-BRTMF:1:1101:22071:2066, skipping.
10-06 10:00 root         INFO     ITSxpress ran in 00:00:00
